  Reading Qt configuration (C:/Qt/6.7.0/msvc2019_64/bin/qmake)
  uic Mallet_GUI.ui
  rcc Mallet_GUI.qrc
  moc Mallet_GUI.h
   RCC: Warning: No resources in 'C:\Users\jake1\Desktop\Maldev\Mallet\Mallet_GUI\Mallet_GUI.qrc'.
  aes.c
  compile.cpp
  encryption.cpp
  generator.cpp
  headers.cpp
  util.cpp
  io.cpp
  mallet.cpp
  Mallet_GUI.cpp
  main.cpp
C:\Users\jake1\Desktop\Maldev\Mallet\Mallet_GUI\headers.cpp(23,20): warning C4477: 'fprintf' : format string '%ld' requires an argument of type 'long', but variadic argument 1 has type 'SIZE_T'
  C:\Users\jake1\Desktop\Maldev\Mallet\Mallet_GUI\headers.cpp(23,20):
  consider using '%lld' in the format string
  C:\Users\jake1\Desktop\Maldev\Mallet\Mallet_GUI\headers.cpp(23,20):
  consider using '%Id' in the format string
  C:\Users\jake1\Desktop\Maldev\Mallet\Mallet_GUI\headers.cpp(23,20):
  consider using '%I64d' in the format string
  
C:\Users\jake1\Desktop\Maldev\Mallet\Mallet_GUI\headers.cpp(43,20): warning C4477: 'fprintf' : format string '%ld' requires an argument of type 'long', but variadic argument 1 has type 'SIZE_T'
  C:\Users\jake1\Desktop\Maldev\Mallet\Mallet_GUI\headers.cpp(43,20):
  consider using '%lld' in the format string
  C:\Users\jake1\Desktop\Maldev\Mallet\Mallet_GUI\headers.cpp(43,20):
  consider using '%Id' in the format string
  C:\Users\jake1\Desktop\Maldev\Mallet\Mallet_GUI\headers.cpp(43,20):
  consider using '%I64d' in the format string
  
  qrc_Mallet_GUI.cpp
  moc_Mallet_GUI.cpp
  Mallet_GUI.vcxproj -> C:\Users\jake1\Desktop\Maldev\Mallet\Mallet_GUI\x64\Release\Mallet_GUI.exe
